TN:
SF:src/modules/artisans/services/AuthenticateService.ts
FN:24,(anonymous_18)
FN:25,AuthenticateService
FN:33,(anonymous_20)
FNF:3
FNH:3
FNDA:1,(anonymous_18)
FNDA:3,AuthenticateService
FNDA:3,(anonymous_20)
DA:1,1
DA:3,1
DA:4,1
DA:6,1
DA:24,1
DA:27,3
DA:30,3
DA:33,3
DA:34,3
DA:36,3
DA:37,1
DA:40,2
DA:45,2
DA:46,1
DA:49,1
DA:51,1
DA:56,1
DA:61,1
DA:63,1
LF:19
LH:19
BRDA:34,0,0,3
BRDA:36,1,0,1
BRDA:36,1,1,2
BRDA:45,2,0,1
BRDA:45,2,1,1
BRF:5
BRH:5
end_of_record
TN:
SF:src/modules/artisans/services/CreateArtisanService.ts
FN:19,(anonymous_18)
FN:20,CreateArtisanService
FN:28,(anonymous_20)
FNF:3
FNH:3
FNDA:2,(anonymous_18)
FNDA:5,CreateArtisanService
FNDA:5,(anonymous_20)
DA:1,2
DA:3,2
DA:19,2
DA:22,5
DA:25,5
DA:28,2
DA:29,5
DA:30,5
DA:31,5
DA:32,5
DA:33,5
DA:35,5
DA:39,5
DA:40,1
DA:43,4
DA:45,4
DA:53,4
DA:55,2
DA:57,2
LF:19
LH:19
BRDA:35,0,0,5
BRDA:39,1,0,1
BRDA:39,1,1,4
BRF:3
BRH:3
end_of_record
